<?xml version="1.0" encoding="UTF-8"?>
<!-- Generated by org.testng.reporters.JUnitXMLReporter -->
<testsuite ignored="0" hostname="StormHawker" failures="0" tests="7" name="Default test" time="15.159" errors="0" timestamp="2025-03-26T12:56:46 GMT">
  <testcase classname="testNGFramework.AutoTestCase6" name="verifyRedirectionToApplicationPage" time="0.104"/>
  <testcase classname="testNGFramework.AutoTestCase6" name="verifySignInButtonPresence" time="0.201"/>
  <testcase classname="testNGFramework.AutoTestCase6" name="verifyNavigationToLoginPage" time="1.271"/>
  <testcase classname="testNGFramework.AutoTestCase6" name="verifyInputLoginDetails" time="1.218"/>
  <testcase classname="testNGFramework.AutoTestCase6" name="verifySignInFunctionality" time="0.231"/>
  <testcase classname="testNGFramework.AutoTestCase6" name="verifySuccessfulLoginMessage" time="5.137"/>
  <testcase classname="testNGFramework.AutoTestCase6" name="verifyAdminDashboard" time="0.069"/>
</testsuite> <!-- Default test -->
